0 info it worked if it ends with ok
1 verbose cli [ '/usr/local/Cellar/node/5.6.0/bin/node',
1 verbose cli   '/usr/local/bin/npm',
1 verbose cli   'run',
1 verbose cli   'build' ]
2 info using npm@3.5.3
3 info using node@v5.6.0
4 verbose run-script [ 'prebuild', 'build', 'postbuild' ]
5 info lifecycle nextstep@0.0.1~prebuild: nextstep@0.0.1
6 silly lifecycle nextstep@0.0.1~prebuild: no script for prebuild, continuing
7 info lifecycle nextstep@0.0.1~build: nextstep@0.0.1
8 verbose lifecycle nextstep@0.0.1~build: unsafe-perm in lifecycle true
9 verbose lifecycle nextstep@0.0.1~build: PATH: /usr/local/lib/node_modules/npm/bin/node-gyp-bin:/Users/joost1/source/typescript-ramda/node_modules/.bin:/usr/local/bin:/usr/local/sbin:/usr/bin:/bin:/usr/sbin:/sbin
10 verbose lifecycle nextstep@0.0.1~build: CWD: /Users/joost1/source/typescript-ramda
11 silly lifecycle nextstep@0.0.1~build: Args: [ '-c', 'tsc -p .' ]
12 silly lifecycle nextstep@0.0.1~build: Returned: code: 1  signal: null
13 info lifecycle nextstep@0.0.1~build: Failed to exec build script
14 verbose stack Error: nextstep@0.0.1 build: `tsc -p .`
14 verbose stack Exit status 1
14 verbose stack     at EventEmitter.<anonymous> (/usr/local/lib/node_modules/npm/lib/utils/lifecycle.js:232:16)
14 verbose stack     at emitTwo (events.js:100:13)
14 verbose stack     at EventEmitter.emit (events.js:185:7)
14 verbose stack     at ChildProcess.<anonymous> (/usr/local/lib/node_modules/npm/lib/utils/spawn.js:24:14)
14 verbose stack     at emitTwo (events.js:100:13)
14 verbose stack     at ChildProcess.emit (events.js:185:7)
14 verbose stack     at maybeClose (internal/child_process.js:827:16)
14 verbose stack     at Process.ChildProcess._handle.onexit (internal/child_process.js:211:5)
15 verbose pkgid nextstep@0.0.1
16 verbose cwd /Users/joost1/source/typescript-ramda
17 error Darwin 15.5.0
18 error argv "/usr/local/Cellar/node/5.6.0/bin/node" "/usr/local/bin/npm" "run" "build"
19 error node v5.6.0
20 error npm  v3.5.3
21 error code ELIFECYCLE
22 error nextstep@0.0.1 build: `tsc -p .`
22 error Exit status 1
23 error Failed at the nextstep@0.0.1 build script 'tsc -p .'.
23 error Make sure you have the latest version of node.js and npm installed.
23 error If you do, this is most likely a problem with the nextstep package,
23 error not with npm itself.
23 error Tell the author that this fails on your system:
23 error     tsc -p .
23 error You can get information on how to open an issue for this project with:
23 error     npm bugs nextstep
23 error Or if that isn't available, you can get their info via:
23 error     npm owner ls nextstep
23 error There is likely additional logging output above.
24 verbose exit [ 1, true ]
